TN:
SF:src/index.js
FN:12,main
FNF:1
FNH:0
FNDA:0,main
DA:10,0
DA:13,0
DA:23,0
LF:3
LH:0
BRF:0
BRH:0
end_of_record
TN:
SF:src/vendor.js
FNF:0
FNH:0
DA:5,0
DA:6,0
LF:2
LH:0
BRDA:5,0,0,0
BRDA:5,0,1,0
BRF:2
BRH:0
end_of_record
TN:
SF:src/actions/index.js
FNF:0
FNH:0
LF:0
LH:0
BRF:0
BRH:0
end_of_record
TN:
SF:src/components/App.js
FN:58,(anonymous_0)
FN:67,(anonymous_1)
FN:70,(anonymous_2)
FN:82,(anonymous_3)
FN:87,(anonymous_4)
FN:91,(anonymous_5)
FN:99,(anonymous_6)
FN:107,(anonymous_7)
FN:125,(anonymous_8)
FN:136,(anonymous_9)
FN:147,(anonymous_10)
FN:158,(anonymous_11)
FNF:12
FNH:0
FNDA:0,(anonymous_0)
FNDA:0,(anonymous_1)
FNDA:0,(anonymous_2)
FNDA:0,(anonymous_3)
FNDA:0,(anonymous_4)
FNDA:0,(anonymous_5)
FNDA:0,(anonymous_6)
FNDA:0,(anonymous_7)
FNDA:0,(anonymous_8)
FNDA:0,(anonymous_9)
FNDA:0,(anonymous_10)
FNDA:0,(anonymous_11)
DA:59,0
DA:61,0
DA:67,0
DA:68,0
DA:71,0
DA:72,0
DA:76,0
DA:77,0
DA:83,0
DA:88,0
DA:91,0
DA:92,0
DA:99,0
DA:100,0
DA:108,0
DA:126,0
DA:137,0
DA:148,0
DA:159,0
LF:19
LH:0
BRDA:71,0,0,0
BRDA:71,0,1,0
BRDA:71,1,0,0
BRDA:71,1,1,0
BRDA:76,2,0,0
BRDA:76,2,1,0
BRDA:76,3,0,0
BRDA:76,3,1,0
BRF:8
BRH:0
end_of_record
TN:
SF:src/components/Dashboard.js
FN:32,(anonymous_0)
FN:34,Dashboard
FN:46,(anonymous_2)
FN:55,(anonymous_3)
FN:62,(anonymous_4)
FN:65,(anonymous_5)
FN:73,(anonymous_6)
FN:104,(anonymous_7)
FN:120,(anonymous_8)
FN:143,(anonymous_9)
FN:178,(anonymous_10)
FNF:11
FNH:11
FNDA:4,(anonymous_0)
FNDA:48,Dashboard
FNDA:15,(anonymous_2)
FNDA:4,(anonymous_3)
FNDA:4,(anonymous_4)
FNDA:11,(anonymous_5)
FNDA:8,(anonymous_6)
FNDA:3,(anonymous_7)
FNDA:4,(anonymous_8)
FNDA:10,(anonymous_9)
FNDA:3,(anonymous_10)
DA:28,1
DA:29,1
DA:32,4
DA:35,48
DA:36,48
DA:37,48
DA:38,48
DA:39,48
DA:40,48
DA:41,48
DA:43,48
DA:46,48
DA:47,15
DA:48,11
DA:49,11
DA:52,4
DA:53,4
DA:55,4
DA:56,4
DA:57,4
DA:60,4
DA:61,4
DA:62,4
DA:65,48
DA:66,11
DA:67,7
DA:68,7
DA:69,7
DA:70,7
DA:73,48
DA:74,8
DA:75,8
DA:76,8
DA:77,1
DA:78,1
DA:81,7
DA:84,7
DA:85,7
DA:86,1
DA:87,1
DA:88,1
DA:89,1
DA:92,6
DA:93,6
DA:94,6
DA:96,6
DA:97,6
DA:98,3
DA:104,3
DA:109,3
DA:110,3
DA:112,2
DA:113,2
DA:115,5
DA:120,48
DA:121,4
DA:123,1
DA:124,1
DA:125,1
DA:128,3
DA:132,48
DA:144,10
DA:145,10
DA:146,10
DA:147,10
DA:179,3
LF:66
LH:66
BRDA:47,0,0,11
BRDA:47,0,1,4
BRDA:66,1,0,4
BRDA:66,1,1,7
BRDA:67,2,0,0
BRDA:67,2,1,7
BRDA:76,3,0,1
BRDA:76,3,1,7
BRDA:85,4,0,1
BRDA:85,4,1,6
BRDA:85,5,0,7
BRDA:85,5,1,1
BRDA:112,6,0,2
BRDA:112,6,1,1
BRDA:121,7,0,1
BRDA:121,7,1,3
BRDA:121,8,0,4
BRDA:121,8,1,1
BRDA:124,9,0,1
BRDA:124,9,1,0
BRDA:137,10,0,19
BRDA:137,10,1,29
BRDA:153,11,0,48
BRDA:153,11,1,7
BRDA:156,12,0,48
BRDA:156,12,1,11
BRDA:156,12,2,11
BRDA:196,13,0,2
BRDA:196,13,1,9
BRF:29
BRH:27
end_of_record
TN:
SF:src/components/Header.js
FN:31,(anonymous_0)
FN:32,(anonymous_1)
FN:33,(anonymous_2)
FN:38,(anonymous_3)
FN:61,(anonymous_4)
FNF:5
FNH:2
FNDA:0,(anonymous_0)
FNDA:0,(anonymous_1)
FNDA:0,(anonymous_2)
FNDA:4,(anonymous_3)
FNDA:4,(anonymous_4)
DA:31,4
DA:32,4
DA:33,4
DA:34,0
DA:35,0
DA:38,4
DA:39,4
DA:41,4
DA:42,0
DA:54,4
DA:62,4
LF:11
LH:8
BRDA:41,0,0,0
BRDA:41,0,1,4
BRF:2
BRH:1
end_of_record
TN:
SF:src/components/Home.js
FN:27,(anonymous_0)
FN:31,(anonymous_1)
FN:35,(anonymous_2)
FN:39,(anonymous_3)
FN:43,(anonymous_4)
FN:48,(anonymous_5)
FN:56,(anonymous_6)
FN:65,(anonymous_7)
FNF:8
FNH:2
FNDA:3,(anonymous_0)
FNDA:0,(anonymous_1)
FNDA:0,(anonymous_2)
FNDA:0,(anonymous_3)
FNDA:0,(anonymous_4)
FNDA:0,(anonymous_5)
FNDA:0,(anonymous_6)
FNDA:3,(anonymous_7)
DA:28,3
DA:31,3
DA:32,0
DA:35,3
DA:36,0
DA:39,3
DA:40,0
DA:43,3
DA:44,0
DA:45,0
DA:48,3
DA:49,0
DA:50,0
DA:52,0
DA:56,3
DA:57,0
DA:58,0
DA:60,0
DA:66,3
DA:68,3
LF:20
LH:9
BRDA:49,0,0,0
BRDA:49,0,1,0
BRDA:57,1,0,0
BRDA:57,1,1,0
BRDA:71,2,0,2
BRDA:71,2,1,1
BRF:6
BRH:2
end_of_record
TN:
SF:src/components/Login.js
FN:33,(anonymous_0)
FN:37,(anonymous_1)
FN:42,(anonymous_2)
FNF:3
FNH:3
FNDA:4,(anonymous_0)
FNDA:1,(anonymous_1)
FNDA:4,(anonymous_2)
DA:34,4
DA:37,4
DA:38,1
DA:39,1
DA:43,4
LF:5
LH:5
BRF:0
BRH:0
end_of_record
TN:
SF:src/components/Registration.js
FN:29,(anonymous_0)
FN:33,(anonymous_1)
FN:39,(anonymous_2)
FNF:3
FNH:3
FNDA:3,(anonymous_0)
FNDA:1,(anonymous_1)
FNDA:3,(anonymous_2)
DA:30,3
DA:33,3
DA:34,1
DA:35,1
DA:36,1
DA:40,3
LF:6
LH:6
BRF:0
BRH:0
end_of_record
TN:
SF:src/components/auth/LoginAuth.js
FN:40,(anonymous_0)
FN:50,(anonymous_1)
FN:54,(anonymous_2)
FN:60,(anonymous_3)
FN:67,(anonymous_4)
FN:76,(anonymous_5)
FN:83,(anonymous_6)
FNF:7
FNH:7
FNDA:5,(anonymous_0)
FNDA:5,(anonymous_1)
FNDA:3,(anonymous_2)
FNDA:2,(anonymous_3)
FNDA:1,(anonymous_4)
FNDA:8,(anonymous_5)
FNDA:19,(anonymous_6)
DA:41,5
DA:43,5
DA:51,5
DA:54,5
DA:55,3
DA:57,3
DA:61,2
DA:62,2
DA:64,0
DA:68,1
DA:73,3
DA:76,5
DA:77,8
DA:84,19
DA:86,19
LF:15
LH:14
BRDA:61,0,0,2
BRDA:61,0,1,0
BRDA:69,1,0,1
BRDA:69,1,1,0
BRDA:93,2,0,19
BRDA:93,2,1,1
BRF:6
BRH:4
end_of_record
TN:
SF:src/components/auth/RegistrationAuth.js
FN:43,(anonymous_0)
FN:53,(anonymous_1)
FN:59,(anonymous_2)
FN:64,(anonymous_3)
FN:71,(anonymous_4)
FN:75,(anonymous_5)
FNF:6
FNH:6
FNDA:5,(anonymous_0)
FNDA:3,(anonymous_1)
FNDA:2,(anonymous_2)
FNDA:1,(anonymous_3)
FNDA:10,(anonymous_4)
FNDA:15,(anonymous_5)
DA:44,5
DA:45,5
DA:53,5
DA:54,3
DA:56,3
DA:60,2
DA:61,2
DA:65,1
DA:68,3
DA:71,5
DA:72,10
DA:76,15
LF:12
LH:12
BRDA:60,0,0,2
BRDA:60,0,1,0
BRF:2
BRH:1
end_of_record
TN:
SF:src/reducers/index.js
FN:4,(anonymous_0)
FNF:1
FNH:0
FNDA:0,(anonymous_0)
DA:3,0
DA:4,0
LF:2
LH:0
BRDA:4,0,0,0
BRF:1
BRH:0
end_of_record
