TN:
SF:src/index.js
FN:12,main
FNF:1
FNH:0
FNDA:0,main
DA:10,0
DA:13,0
DA:23,0
LF:3
LH:0
BRF:0
BRH:0
end_of_record
TN:
SF:src/vendor.js
FNF:0
FNH:0
DA:5,0
DA:6,0
LF:2
LH:0
BRDA:5,0,0,0
BRDA:5,0,1,0
BRF:2
BRH:0
end_of_record
TN:
SF:src/actions/index.js
FNF:0
FNH:0
LF:0
LH:0
BRF:0
BRH:0
end_of_record
TN:
SF:src/components/App.js
FN:58,(anonymous_0)
FN:67,(anonymous_1)
FN:70,(anonymous_2)
FN:82,(anonymous_3)
FN:87,(anonymous_4)
FN:91,(anonymous_5)
FN:99,(anonymous_6)
FN:107,(anonymous_7)
FN:125,(anonymous_8)
FN:136,(anonymous_9)
FN:147,(anonymous_10)
FN:158,(anonymous_11)
FNF:12
FNH:0
FNDA:0,(anonymous_0)
FNDA:0,(anonymous_1)
FNDA:0,(anonymous_2)
FNDA:0,(anonymous_3)
FNDA:0,(anonymous_4)
FNDA:0,(anonymous_5)
FNDA:0,(anonymous_6)
FNDA:0,(anonymous_7)
FNDA:0,(anonymous_8)
FNDA:0,(anonymous_9)
FNDA:0,(anonymous_10)
FNDA:0,(anonymous_11)
DA:59,0
DA:61,0
DA:67,0
DA:68,0
DA:71,0
DA:72,0
DA:76,0
DA:77,0
DA:83,0
DA:88,0
DA:91,0
DA:92,0
DA:99,0
DA:100,0
DA:108,0
DA:126,0
DA:137,0
DA:148,0
DA:159,0
LF:19
LH:0
BRDA:71,0,0,0
BRDA:71,0,1,0
BRDA:71,1,0,0
BRDA:71,1,1,0
BRDA:76,2,0,0
BRDA:76,2,1,0
BRDA:76,3,0,0
BRDA:76,3,1,0
BRF:8
BRH:0
end_of_record
TN:
SF:src/components/Dashboard.js
FN:33,Dashboard
FN:44,(anonymous_1)
FN:53,(anonymous_2)
FN:61,(anonymous_3)
FN:64,(anonymous_4)
FN:73,(anonymous_5)
FN:101,(anonymous_6)
FN:122,(anonymous_7)
FN:156,(anonymous_8)
FNF:9
FNH:9
FNDA:43,Dashboard
FNDA:15,(anonymous_1)
FNDA:4,(anonymous_2)
FNDA:4,(anonymous_3)
FNDA:8,(anonymous_4)
FNDA:8,(anonymous_5)
FNDA:3,(anonymous_6)
FNDA:10,(anonymous_7)
FNDA:2,(anonymous_8)
DA:30,1
DA:31,1
DA:34,43
DA:35,43
DA:36,43
DA:37,43
DA:38,43
DA:41,43
DA:44,43
DA:45,15
DA:46,11
DA:47,11
DA:50,4
DA:51,4
DA:53,4
DA:54,4
DA:55,4
DA:58,4
DA:59,4
DA:61,4
DA:64,43
DA:65,8
DA:66,4
DA:68,4
DA:69,4
DA:70,4
DA:73,43
DA:74,8
DA:75,8
DA:76,8
DA:77,1
DA:78,1
DA:82,7
DA:83,7
DA:84,1
DA:85,1
DA:86,1
DA:89,6
DA:90,6
DA:91,6
DA:93,6
DA:94,6
DA:95,3
DA:101,3
DA:106,3
DA:108,2
DA:110,5
DA:114,43
DA:123,10
DA:124,10
DA:125,10
DA:126,10
DA:157,2
LF:53
LH:53
BRDA:45,0,0,11
BRDA:45,0,1,4
BRDA:65,1,0,4
BRDA:65,1,1,4
BRDA:66,2,0,0
BRDA:66,2,1,4
BRDA:76,3,0,1
BRDA:76,3,1,7
BRDA:83,4,0,1
BRDA:83,4,1,6
BRDA:83,5,0,7
BRDA:83,5,1,1
BRDA:108,6,0,2
BRDA:108,6,1,1
BRDA:132,7,0,14
BRDA:132,7,1,29
BRDA:135,8,0,43
BRDA:135,8,1,5
BRDA:138,9,0,43
BRDA:138,9,1,8
BRDA:138,9,2,8
BRDA:174,10,0,2
BRDA:174,10,1,6
BRF:23
BRH:22
end_of_record
TN:
SF:src/components/Header.js
FN:31,(anonymous_0)
FN:32,(anonymous_1)
FN:33,(anonymous_2)
FN:38,(anonymous_3)
FN:61,(anonymous_4)
FNF:5
FNH:2
FNDA:0,(anonymous_0)
FNDA:0,(anonymous_1)
FNDA:0,(anonymous_2)
FNDA:4,(anonymous_3)
FNDA:4,(anonymous_4)
DA:31,4
DA:32,4
DA:33,4
DA:34,0
DA:35,0
DA:38,4
DA:39,4
DA:41,4
DA:42,0
DA:54,4
DA:62,4
LF:11
LH:8
BRDA:41,0,0,0
BRDA:41,0,1,4
BRF:2
BRH:1
end_of_record
TN:
SF:src/components/Home.js
FN:27,(anonymous_0)
FN:31,(anonymous_1)
FN:35,(anonymous_2)
FN:39,(anonymous_3)
FN:43,(anonymous_4)
FN:48,(anonymous_5)
FN:56,(anonymous_6)
FN:65,(anonymous_7)
FNF:8
FNH:3
FNDA:7,(anonymous_0)
FNDA:0,(anonymous_1)
FNDA:0,(anonymous_2)
FNDA:1,(anonymous_3)
FNDA:0,(anonymous_4)
FNDA:0,(anonymous_5)
FNDA:0,(anonymous_6)
FNDA:7,(anonymous_7)
DA:28,7
DA:31,7
DA:32,0
DA:35,7
DA:36,0
DA:39,7
DA:40,1
DA:43,7
DA:44,0
DA:45,0
DA:48,7
DA:49,0
DA:50,0
DA:52,0
DA:56,7
DA:57,0
DA:58,0
DA:60,0
DA:66,7
DA:68,7
LF:20
LH:10
BRDA:49,0,0,0
BRDA:49,0,1,0
BRDA:57,1,0,0
BRDA:57,1,1,0
BRDA:71,2,0,4
BRDA:71,2,1,3
BRF:6
BRH:2
end_of_record
TN:
SF:src/components/Login.js
FN:33,(anonymous_0)
FN:37,(anonymous_1)
FN:42,(anonymous_2)
FNF:3
FNH:3
FNDA:4,(anonymous_0)
FNDA:1,(anonymous_1)
FNDA:4,(anonymous_2)
DA:34,4
DA:37,4
DA:38,1
DA:39,1
DA:43,4
LF:5
LH:5
BRF:0
BRH:0
end_of_record
TN:
SF:src/components/Registration.js
FN:29,(anonymous_0)
FN:33,(anonymous_1)
FN:39,(anonymous_2)
FNF:3
FNH:3
FNDA:4,(anonymous_0)
FNDA:1,(anonymous_1)
FNDA:4,(anonymous_2)
DA:30,4
DA:33,4
DA:34,1
DA:35,1
DA:36,1
DA:40,4
LF:6
LH:6
BRF:0
BRH:0
end_of_record
TN:
SF:src/components/auth/LoginAuth.js
FN:40,(anonymous_0)
FN:50,(anonymous_1)
FN:54,(anonymous_2)
FN:60,(anonymous_3)
FN:67,(anonymous_4)
FN:76,(anonymous_5)
FN:83,(anonymous_6)
FNF:7
FNH:7
FNDA:5,(anonymous_0)
FNDA:5,(anonymous_1)
FNDA:3,(anonymous_2)
FNDA:2,(anonymous_3)
FNDA:1,(anonymous_4)
FNDA:7,(anonymous_5)
FNDA:18,(anonymous_6)
DA:41,5
DA:43,5
DA:51,5
DA:54,5
DA:55,3
DA:57,3
DA:61,2
DA:62,2
DA:64,0
DA:68,1
DA:73,3
DA:76,5
DA:77,7
DA:84,18
DA:86,18
LF:15
LH:14
BRDA:61,0,0,2
BRDA:61,0,1,0
BRDA:69,1,0,1
BRDA:69,1,1,1
BRF:4
BRH:3
end_of_record
TN:
SF:src/components/auth/RegistrationAuth.js
FN:43,(anonymous_0)
FN:53,(anonymous_1)
FN:59,(anonymous_2)
FN:64,(anonymous_3)
FN:71,(anonymous_4)
FN:75,(anonymous_5)
FNF:6
FNH:6
FNDA:5,(anonymous_0)
FNDA:3,(anonymous_1)
FNDA:2,(anonymous_2)
FNDA:1,(anonymous_3)
FNDA:10,(anonymous_4)
FNDA:15,(anonymous_5)
DA:44,5
DA:45,5
DA:53,5
DA:54,3
DA:56,3
DA:60,2
DA:61,2
DA:65,1
DA:68,3
DA:71,5
DA:72,10
DA:76,15
LF:12
LH:12
BRDA:60,0,0,2
BRDA:60,0,1,0
BRF:2
BRH:1
end_of_record
TN:
SF:src/reducers/index.js
FN:4,(anonymous_0)
FNF:1
FNH:0
FNDA:0,(anonymous_0)
DA:3,0
DA:4,0
LF:2
LH:0
BRDA:4,0,0,0
BRF:1
BRH:0
end_of_record
